Determining if the pthread_create exist failed with the following output:
Change Dir: /home/vlad/catkin_ws/src/ros_homework_3/build/CMakeFiles/CMakeTmp

Run Build Command:"/usr/bin/make" "cmTC_ae3cd/fast"
/usr/bin/make -f CMakeFiles/cmTC_ae3cd.dir/build.make CMakeFiles/cmTC_ae3cd.dir/build
make[1]: ingresso nella directory "/home/vlad/catkin_ws/src/ros_homework_3/build/CMakeFiles/CMakeTmp"
Building C object CMakeFiles/cmTC_ae3cd.dir/CheckSymbolExists.c.o
/usr/bin/cc     -o CMakeFiles/cmTC_ae3cd.dir/CheckSymbolExists.c.o   -c /home/vlad/catkin_ws/src/ros_homework_3/build/CMakeFiles/CMakeTmp/CheckSymbolExists.c
Linking C executable cmTC_ae3cd
/usr/bin/cmake -E cmake_link_script CMakeFiles/cmTC_ae3cd.dir/link.txt --verbose=1
/usr/bin/cc       CMakeFiles/cmTC_ae3cd.dir/CheckSymbolExists.c.o  -o cmTC_ae3cd -rdynamic 
CMakeFiles/cmTC_ae3cd.dir/CheckSymbolExists.c.o: nella funzione "main":
CheckSymbolExists.c:(.text+0x16): riferimento non definito a "pthread_create"
collect2: error: ld returned 1 exit status
CMakeFiles/cmTC_ae3cd.dir/build.make:97: set di istruzioni per l'obiettivo "cmTC_ae3cd" non riuscito
make[1]: *** [cmTC_ae3cd] Errore 1
make[1]: uscita dalla directory "/home/vlad/catkin_ws/src/ros_homework_3/build/CMakeFiles/CMakeTmp"
Makefile:126: set di istruzioni per l'obiettivo "cmTC_ae3cd/fast" non riuscito
make: *** [cmTC_ae3cd/fast] Errore 2

File /home/vlad/catkin_ws/src/ros_homework_3/build/CMakeFiles/CMakeTmp/CheckSymbolExists.c:
/* */
#include <pthread.h>

int main(int argc, char** argv)
{
  (void)argv;
#ifndef pthread_create
  return ((int*)(&pthread_create))[argc];
#else
  (void)argc;
  return 0;
#endif
}

Determining if the function pthread_create exists in the pthreads failed with the following output:
Change Dir: /home/vlad/catkin_ws/src/ros_homework_3/build/CMakeFiles/CMakeTmp

Run Build Command:"/usr/bin/make" "cmTC_4e02d/fast"
/usr/bin/make -f CMakeFiles/cmTC_4e02d.dir/build.make CMakeFiles/cmTC_4e02d.dir/build
make[1]: ingresso nella directory "/home/vlad/catkin_ws/src/ros_homework_3/build/CMakeFiles/CMakeTmp"
Building C object CMakeFiles/cmTC_4e02d.dir/CheckFunctionExists.c.o
/usr/bin/cc    -DCHECK_FUNCTION_EXISTS=pthread_create   -o CMakeFiles/cmTC_4e02d.dir/CheckFunctionExists.c.o   -c /usr/share/cmake-3.5/Modules/CheckFunctionExists.c
Linking C executable cmTC_4e02d
/usr/bin/cmake -E cmake_link_script CMakeFiles/cmTC_4e02d.dir/link.txt --verbose=1
/usr/bin/cc   -DCHECK_FUNCTION_EXISTS=pthread_create    CMakeFiles/cmTC_4e02d.dir/CheckFunctionExists.c.o  -o cmTC_4e02d -rdynamic -lpthreads 
/usr/bin/ld: impossibile trovare -lpthreads
collect2: error: ld returned 1 exit status
CMakeFiles/cmTC_4e02d.dir/build.make:97: set di istruzioni per l'obiettivo "cmTC_4e02d" non riuscito
make[1]: *** [cmTC_4e02d] Errore 1
make[1]: uscita dalla directory "/home/vlad/catkin_ws/src/ros_homework_3/build/CMakeFiles/CMakeTmp"
Makefile:126: set di istruzioni per l'obiettivo "cmTC_4e02d/fast" non riuscito
make: *** [cmTC_4e02d/fast] Errore 2


